[NOTE] Dependencies on Sui, MoveStdlib, Bridge, DeepBook, and SuiSystem are automatically added, but this feature is disabled for your package because you have explicitly included dependencies on Sui. Consider removing these dependencies from `Move.toml`.
INCLUDING DEPENDENCY MoveStdlib
INCLUDING DEPENDENCY Sui
BUILDING spinchain
[0m[1m[38;5;11mwarning[W09009][0m[1m: unused struct field[0m
   [0m[34m┌─[0m ./sources/spin_token.move:37:9
   [0m[34m│[0m
[0m[34m37[0m [0m[34m│[0m         [0m[33mamount[0m: u64,
   [0m[34m│[0m         [0m[33m^^^^^^[0m [0m[33mThe 'amount' field of the 'TreasuryDeposit' type is unused[0m
   [0m[34m│[0m
   [0m[34m=[0m This warning can be suppressed with '#[allow(unused_field)]' applied to the 'module' or module member ('const', 'fun', or 'struct')

[0m[1m[38;5;11mwarning[W09009][0m[1m: unused struct field[0m
   [0m[34m┌─[0m ./sources/spin_token.move:38:9
   [0m[34m│[0m
[0m[34m38[0m [0m[34m│[0m         [0m[33msender[0m: address,
   [0m[34m│[0m         [0m[33m^^^^^^[0m [0m[33mThe 'sender' field of the 'TreasuryDeposit' type is unused[0m
   [0m[34m│[0m
   [0m[34m=[0m This warning can be suppressed with '#[allow(unused_field)]' applied to the 'module' or module member ('const', 'fun', or 'struct')

[0m[1m[38;5;11mwarning[W04037][0m[1m: deprecated usage[0m
   [0m[34m┌─[0m ./sources/spin_token.move:43:46
   [0m[34m│[0m
[0m[34m43[0m [0m[34m│[0m         let (treasury_cap, metadata) = coin::[0m[33mcreate_currency[0m<SPIN_TOKEN>(
   [0m[34m│[0m                                              [0m[33m^^^^^^^^^^^^^^^[0m [0m[33mThe function 'sui::coin::create_currency' is deprecated: Use `coin_registry::new_currency_with_otw` instead[0m
   [0m[34m│[0m
   [0m[34m=[0m This warning can be suppressed with '#[allow(deprecated_usage)]' applied to the 'module' or module member ('const', 'fun', or 'struct')

Transaction Digest: E1KjqH4B8Uxs9orfYhUzWRvGQ4N1PhiAc3NmXJDsic4D
╭──────────────────────────────────────────────────────────────────────────────────────────────────────────────╮
│ Transaction Data                                                                                             │
├──────────────────────────────────────────────────────────────────────────────────────────────────────────────┤
│ Sender: 0x9018a50508af247c8ef949a6fd6522fc0b7f6652a9d07a2b108d748728f7b73f                                   │
│ Gas Owner: 0x9018a50508af247c8ef949a6fd6522fc0b7f6652a9d07a2b108d748728f7b73f                                │
│ Gas Budget: 100000000 MIST                                                                                   │
│ Gas Price: 1000 MIST                                                                                         │
│ Gas Payment:                                                                                                 │
│  ┌──                                                                                                         │
│  │ ID: 0xbfa17bde76366966d3115119cd62b366d17186fe1e7f25f91b7ffbd3d954fce8                                    │
│  │ Version: 349181283                                                                                        │
│  │ Digest: Fac2hRZQqigZ4P7yZVum8t7ugPV983dKT8y5s13Pv5qM                                                      │
│  └──                                                                                                         │
│                                                                                                              │
│ Transaction Kind: Programmable                                                                               │
│ ╭──────────────────────────────────────────────────────────────────────────────────────────────────────────╮ │
│ │ Input Objects                                                                                            │ │
│ ├──────────────────────────────────────────────────────────────────────────────────────────────────────────┤ │
│ │ 0   Pure Arg: Type: address, Value: "0x9018a50508af247c8ef949a6fd6522fc0b7f6652a9d07a2b108d748728f7b73f" │ │
│ ╰──────────────────────────────────────────────────────────────────────────────────────────────────────────╯ │
│ ╭─────────────────────────────────────────────────────────────────────────╮                                  │
│ │ Commands                                                                │                                  │
│ ├─────────────────────────────────────────────────────────────────────────┤                                  │
│ │ 0  Publish:                                                             │                                  │
│ │  ┌                                                                      │                                  │
│ │  │ Dependencies:                                                        │                                  │
│ │  │   0x0000000000000000000000000000000000000000000000000000000000000001 │                                  │
│ │  │   0x0000000000000000000000000000000000000000000000000000000000000002 │                                  │
│ │  └                                                                      │                                  │
│ │                                                                         │                                  │
│ │ 1  TransferObjects:                                                     │                                  │
│ │  ┌                                                                      │                                  │
│ │  │ Arguments:                                                           │                                  │
│ │  │   Result 0                                                           │                                  │
│ │  │ Address: Input  0                                                    │                                  │
│ │  └                                                                      │                                  │
│ ╰─────────────────────────────────────────────────────────────────────────╯                                  │
│                                                                                                              │
│ Signatures:                                                                                                  │
│    jSfTkXE3pxF49ml9zzI0JEscbt5w3wnQTsmF7BiR9JCsywkIIU6Ta1BB8OMV+jRNwbZAadUy8Yn7sR4sNib5AQ==                  │
│                                                                                                              │
╰──────────────────────────────────────────────────────────────────────────────────────────────────────────────╯
╭───────────────────────────────────────────────────────────────────────────────────────────────────╮
│ Transaction Effects                                                                               │
├───────────────────────────────────────────────────────────────────────────────────────────────────┤
│ Digest: E1KjqH4B8Uxs9orfYhUzWRvGQ4N1PhiAc3NmXJDsic4D                                              │
│ Status: Success                                                                                   │
│ Executed Epoch: 1000                                                                              │
│                                                                                                   │
│ Created Objects:                                                                                  │
│  ┌──                                                                                              │
│  │ ID: 0x146219a29eb67a17fbcc52d580857a399aa20a06eee235570a3beace14752f75                         │
│  │ Owner: Account Address ( 0x9018a50508af247c8ef949a6fd6522fc0b7f6652a9d07a2b108d748728f7b73f )  │
│  │ Version: 349181284                                                                             │
│  │ Digest: 3M4WcMw3Fhyr4WU6GdTPhxkCsFcX9gEGzQDyhis2EwgU                                           │
│  └──                                                                                              │
│  ┌──                                                                                              │
│  │ ID: 0x17462d276efe4129cc3445153fb2a6ffc566f1d155ea60f6d7e7d0789c3e724b                         │
│  │ Owner: Immutable                                                                               │
│  │ Version: 349181284                                                                             │
│  │ Digest: 8AAordrDBHGWTFYPXf7aid9nqEzQwff9Sg1dkdiyre67                                           │
│  └──                                                                                              │
│  ┌──                                                                                              │
│  │ ID: 0x85f8b832e043f2e229e1bcd1f225983d66c590e82434b337050e146309136ea4                         │
│  │ Owner: Account Address ( 0x9018a50508af247c8ef949a6fd6522fc0b7f6652a9d07a2b108d748728f7b73f )  │
│  │ Version: 349181284                                                                             │
│  │ Digest: 2Noaude9fvzYWh7EmVYsgotyB8385bPRGg1cdpEw3ST5                                           │
│  └──                                                                                              │
│  ┌──                                                                                              │
│  │ ID: 0x98144f86c83bf486d90232833a6ed467aa3d853d237126537241a6e147f2b3f6                         │
│  │ Owner: Immutable                                                                               │
│  │ Version: 1                                                                                     │
│  │ Digest: FEmp7wcy9grA1GL79XnZa1Mtjxn6fZPVoVHdzpVQE7uC                                           │
│  └──                                                                                              │
│ Mutated Objects:                                                                                  │
│  ┌──                                                                                              │
│  │ ID: 0xbfa17bde76366966d3115119cd62b366d17186fe1e7f25f91b7ffbd3d954fce8                         │
│  │ Owner: Account Address ( 0x9018a50508af247c8ef949a6fd6522fc0b7f6652a9d07a2b108d748728f7b73f )  │
│  │ Version: 349181284                                                                             │
│  │ Digest: 7KnngMoyb7HUdnhCmqhHHv1UtiAQWLtQEvTSFX5wAfCf                                           │
│  └──                                                                                              │
│ Gas Object:                                                                                       │
│  ┌──                                                                                              │
│  │ ID: 0xbfa17bde76366966d3115119cd62b366d17186fe1e7f25f91b7ffbd3d954fce8                         │
│  │ Owner: Account Address ( 0x9018a50508af247c8ef949a6fd6522fc0b7f6652a9d07a2b108d748728f7b73f )  │
│  │ Version: 349181284                                                                             │
│  │ Digest: 7KnngMoyb7HUdnhCmqhHHv1UtiAQWLtQEvTSFX5wAfCf                                           │
│  └──                                                                                              │
│ Gas Cost Summary:                                                                                 │
│    Storage Cost: 40302800 MIST                                                                    │
│    Computation Cost: 1000000 MIST                                                                 │
│    Storage Rebate: 978120 MIST                                                                    │
│    Non-refundable Storage Fee: 9880 MIST                                                          │
│                                                                                                   │
│ Transaction Dependencies:                                                                         │
│    B5W8jPYhhxoLZswrEnZ6z6HUog9jwHciKTt3NEbE5p73                                                   │
│    Fghc9m4KWCTfCcDNaBeyePFmgkrENVNwKQRCyuNyDaFL                                                   │
╰───────────────────────────────────────────────────────────────────────────────────────────────────╯
╭─────────────────────────────╮
│ No transaction block events │
╰─────────────────────────────╯

╭─────────────────────────────────────────────────────────────────────────────────────────────────────────────────────────────────────╮
│ Object Changes                                                                                                                      │
├─────────────────────────────────────────────────────────────────────────────────────────────────────────────────────────────────────┤
│ Created Objects:                                                                                                                    │
│  ┌──                                                                                                                                │
│  │ ObjectID: 0x146219a29eb67a17fbcc52d580857a399aa20a06eee235570a3beace14752f75                                                     │
│  │ Sender: 0x9018a50508af247c8ef949a6fd6522fc0b7f6652a9d07a2b108d748728f7b73f                                                       │
│  │ Owner: Account Address ( 0x9018a50508af247c8ef949a6fd6522fc0b7f6652a9d07a2b108d748728f7b73f )                                    │
│  │ ObjectType: 0x2::package::UpgradeCap                                                                                             │
│  │ Version: 349181284                                                                                                               │
│  │ Digest: 3M4WcMw3Fhyr4WU6GdTPhxkCsFcX9gEGzQDyhis2EwgU                                                                             │
│  └──                                                                                                                                │
│  ┌──                                                                                                                                │
│  │ ObjectID: 0x17462d276efe4129cc3445153fb2a6ffc566f1d155ea60f6d7e7d0789c3e724b                                                     │
│  │ Sender: 0x9018a50508af247c8ef949a6fd6522fc0b7f6652a9d07a2b108d748728f7b73f                                                       │
│  │ Owner: Immutable                                                                                                                 │
│  │ ObjectType: 0x2::coin::CoinMetadata<0x98144f86c83bf486d90232833a6ed467aa3d853d237126537241a6e147f2b3f6::spin_token::SPIN_TOKEN>  │
│  │ Version: 349181284                                                                                                               │
│  │ Digest: 8AAordrDBHGWTFYPXf7aid9nqEzQwff9Sg1dkdiyre67                                                                             │
│  └──                                                                                                                                │
│  ┌──                                                                                                                                │
│  │ ObjectID: 0x85f8b832e043f2e229e1bcd1f225983d66c590e82434b337050e146309136ea4                                                     │
│  │ Sender: 0x9018a50508af247c8ef949a6fd6522fc0b7f6652a9d07a2b108d748728f7b73f                                                       │
│  │ Owner: Account Address ( 0x9018a50508af247c8ef949a6fd6522fc0b7f6652a9d07a2b108d748728f7b73f )                                    │
│  │ ObjectType: 0x2::coin::TreasuryCap<0x98144f86c83bf486d90232833a6ed467aa3d853d237126537241a6e147f2b3f6::spin_token::SPIN_TOKEN>   │
│  │ Version: 349181284                                                                                                               │
│  │ Digest: 2Noaude9fvzYWh7EmVYsgotyB8385bPRGg1cdpEw3ST5                                                                             │
│  └──                                                                                                                                │
│ Mutated Objects:                                                                                                                    │
│  ┌──                                                                                                                                │
│  │ ObjectID: 0xbfa17bde76366966d3115119cd62b366d17186fe1e7f25f91b7ffbd3d954fce8                                                     │
│  │ Sender: 0x9018a50508af247c8ef949a6fd6522fc0b7f6652a9d07a2b108d748728f7b73f                                                       │
│  │ Owner: Account Address ( 0x9018a50508af247c8ef949a6fd6522fc0b7f6652a9d07a2b108d748728f7b73f )                                    │
│  │ ObjectType: 0x2::coin::Coin<0x2::sui::SUI>                                                                                       │
│  │ Version: 349181284                                                                                                               │
│  │ Digest: 7KnngMoyb7HUdnhCmqhHHv1UtiAQWLtQEvTSFX5wAfCf                                                                             │
│  └──                                                                                                                                │
│ Published Objects:                                                                                                                  │
│  ┌──                                                                                                                                │
│  │ PackageID: 0x98144f86c83bf486d90232833a6ed467aa3d853d237126537241a6e147f2b3f6                                                    │
│  │ Version: 1                                                                                                                       │
│  │ Digest: FEmp7wcy9grA1GL79XnZa1Mtjxn6fZPVoVHdzpVQE7uC                                                                             │
│  │ Modules: spin_token, spinsession                                                                                                 │
│  └──                                                                                                                                │
╰─────────────────────────────────────────────────────────────────────────────────────────────────────────────────────────────────────╯
╭───────────────────────────────────────────────────────────────────────────────────────────────────╮
│ Balance Changes                                                                                   │
├───────────────────────────────────────────────────────────────────────────────────────────────────┤
│  ┌──                                                                                              │
│  │ Owner: Account Address ( 0x9018a50508af247c8ef949a6fd6522fc0b7f6652a9d07a2b108d748728f7b73f )  │
│  │ CoinType: 0x2::sui::SUI                                                                        │
│  │ Amount: -40324680                                                                              │
│  └──                                                                                              │
╰───────────────────────────────────────────────────────────────────────────────────────────────────╯
